[2026-05-09 09:24:59] [JARVIS CEO] ==========================================
[2026-05-09 09:24:59] [JARVIS CEO]    AXYNTRAX AUTOMATION SUITE - JARVIS CEO  
[2026-05-09 09:24:59] [JARVIS CEO] ==========================================
[2026-05-09 09:24:59] [JARVIS CEO] Iniciando verificación de base de datos...
[2026-05-09 09:24:59] [JARVIS CEO] Base de datos lista.
[2026-05-09 09:24:59] [JARVIS CEO] Iniciando servicio: API AXIA...
[2026-05-09 09:24:59] [JARVIS CEO] Servicio API AXIA iniciado exitosamente (PID: 3144).
[2026-05-09 09:24:59] [JARVIS CEO] Iniciando servicio: CECILIA...
[2026-05-09 09:24:59] [JARVIS CEO] Servicio CECILIA iniciado exitosamente (PID: 18284).
[2026-05-09 09:24:59] [JARVIS CEO] Monitoreo de procesos iniciado.
do centinela de alta disponibilidad.
[2026-05-09 10:30:02] [JARVIS CEO] ==========================================
[2026-05-09 10:30:02] [JARVIS CEO]    AXYNTRAX AUTOMATION SUITE - JARVIS CEO  
[2026-05-09 10:30:02] [JARVIS CEO] ==========================================
[2026-05-09 10:30:02] [JARVIS CEO] Iniciando verificación de base de datos...
[2026-05-09 10:30:02] [JARVIS CEO] Base de datos lista.
[2026-05-09 10:30:02] [JARVIS CEO] Iniciando servicio: API AXIA...
[2026-05-09 10:30:02] [JARVIS CEO] Servicio API AXIA iniciado exitosamente (PID: 31272).
[2026-05-09 10:30:02] [JARVIS CEO] Iniciando servicio: CECILIA...
[2026-05-09 10:30:02] [JARVIS CEO] Servicio CECILIA iniciado exitosamente (PID: 29748).
[2026-05-09 10:30:02] [JARVIS CEO] JARVIS CEO operando al 100% en modo centinela de alta disponibilidad.
[2026-05-09 10:42:50] [JARVIS CEO] ==========================================
[2026-05-09 10:42:50] [JARVIS CEO]    AXYNTRAX AUTOMATION SUITE - JARVIS CEO  
[2026-05-09 10:42:50] [JARVIS CEO] ==========================================
[2026-05-09 10:42:50] [JARVIS CEO] Iniciando verificación de base de datos...
[2026-05-09 10:42:50] [JARVIS CEO] Base de datos lista.
[2026-05-09 10:42:50] [JARVIS CEO] Iniciando servicio: API AXIA...
[2026-05-09 10:42:50] [JARVIS CEO] Servicio API AXIA iniciado exitosamente (PID: 31944).
[2026-05-09 10:42:50] [JARVIS CEO] Iniciando servicio: CECILIA...
[2026-05-09 10:42:50] [JARVIS CEO] Servicio CECILIA iniciado exitosamente (PID: 31956).
[2026-05-09 10:42:50] [JARVIS CEO] Monitoreo de procesos iniciado.
do centinela de alta disponibilidad.
[2026-05-09 13:04:50] [JARVIS CEO] ¡ADVERTENCIA! El servicio CECILIA se ha detenido con código 4294967295. Reiniciando...
[2026-05-09 13:04:50] [JARVIS CEO] Iniciando servicio: CECILIA...
[2026-05-09 13:04:50] [JARVIS CEO] Servicio CECILIA iniciado exitosamente (PID: 9720).
[2026-05-09 13:04:52] [JARVIS CEO] ¡ADVERTENCIA! El servicio CECILIA se ha detenido con código 4294967295. Reiniciando...
[2026-05-09 13:04:52] [JARVIS CEO] Iniciando servicio: CECILIA...
[2026-05-09 13:04:52] [JARVIS CEO] Servicio CECILIA iniciado exitosamente (PID: 23156).
[2026-05-09 13:04:54] [JARVIS CEO] ¡ADVERTENCIA! El servicio CECILIA se ha detenido con código 4294967295. Reiniciando...
[2026-05-09 13:04:54] [JARVIS CEO] Iniciando servicio: CECILIA...
[2026-05-09 13:04:54] [JARVIS CEO] Servicio CECILIA iniciado exitosamente (PID: 18996).
[2026-05-09 13:05:32] [JARVIS CEO] ¡ADVERTENCIA! El servicio CECILIA se ha detenido con código 4294967295. Reiniciando...
[2026-05-09 13:05:32] [JARVIS CEO] Iniciando servicio: CECILIA...
[2026-05-09 13:05:32] [JARVIS CEO] Servicio CECILIA iniciado exitosamente (PID: 15944).
[2026-05-09 13:05:34] [JARVIS CEO] ¡ADVERTENCIA! El servicio CECILIA se ha detenido con código 4294967295. Reiniciando...
[2026-05-09 13:05:34] [JARVIS CEO] Iniciando servicio: CECILIA...
[2026-05-09 13:05:34] [JARVIS CEO] Servicio CECILIA iniciado exitosamente (PID: 21000).
[2026-05-09 13:05:40] [JARVIS CEO] ¡ADVERTENCIA! El servicio CECILIA se ha detenido con código 4294967295. Reiniciando...
[2026-05-09 13:05:40] [JARVIS CEO] Iniciando servicio: CECILIA...
[2026-05-09 13:05:40] [JARVIS CEO] Servicio CECILIA iniciado exitosamente (PID: 30752).
[2026-05-09 13:16:37] [JARVIS CEO] Deteniendo todos los servicios de forma segura...
[2026-05-09 13:16:37] [JARVIS CEO] Servicio API AXIA terminado de forma segura.
[2026-05-09 13:16:37] [JARVIS CEO] Servicio API AXIA terminado de forma segura.
[2026-05-09 13:16:37] [JARVIS CEO] Servicio CECILIA terminado de forma segura.
[2026-05-09 13:16:37] [JARVIS CEO] JARVIS CEO fuera de línea de manera segura.
[2026-05-09 13:16:37] [JARVIS CEO] JARVIS CEO fuera de línea de manera segura.
[2026-05-09 13:56:05] [JARVIS CEO] ==========================================
[2026-05-09 13:56:05] [JARVIS CEO]    AXYNTRAX AUTOMATION SUITE - JARVIS CEO  
[2026-05-09 13:56:05] [JARVIS CEO] ==========================================
[2026-05-09 13:56:05] [JARVIS CEO] Iniciando verificación de base de datos...
[2026-05-09 13:56:05] [JARVIS CEO] Base de datos lista.
[2026-05-09 13:56:05] [JARVIS CEO] Iniciando servicio: API AXIA...
[2026-05-09 13:56:05] [JARVIS CEO] Servicio API AXIA iniciado exitosamente (PID: 22084).
[2026-05-09 13:56:05] [JARVIS CEO] Iniciando servicio: CECILIA...
[2026-05-09 13:56:05] [JARVIS CEO] Servicio CECILIA iniciado exitosamente (PID: 11968).
[2026-05-09 13:56:05] [JARVIS CEO] Monitoreo de procesos iniciado.
do centinela de alta disponibilidad.
[2026-05-09 14:04:35] [JARVIS CEO] ¡ADVERTENCIA! El servicio API AXIA se ha detenido con código 4294967295. Reiniciando...
[2026-05-09 14:04:35] [JARVIS CEO] Iniciando servicio: API AXIA...
[2026-05-09 14:04:35] [JARVIS CEO] Servicio API AXIA iniciado exitosamente (PID: 36212).
[2026-05-09 14:06:05] [JARVIS CEO] ¡ADVERTENCIA! El servicio CECILIA se ha detenido con código 4294967295. Reiniciando...
[2026-05-09 14:06:05] [JARVIS CEO] Iniciando servicio: CECILIA...
[2026-05-09 14:06:05] [JARVIS CEO] Servicio CECILIA iniciado exitosamente (PID: 13516).
[2026-05-09 14:06:15] [JARVIS CEO] ¡ADVERTENCIA! El servicio CECILIA se ha detenido con código 1. Reiniciando...
[2026-05-09 14:06:15] [JARVIS CEO] Iniciando servicio: CECILIA...
[2026-05-09 14:06:15] [JARVIS CEO] Servicio CECILIA iniciado exitosamente (PID: 25152).
[2026-05-09 14:06:25] [JARVIS CEO] ¡ADVERTENCIA! El servicio CECILIA se ha detenido con código 1. Reiniciando...
[2026-05-09 14:06:25] [JARVIS CEO] Iniciando servicio: CECILIA...
[2026-05-09 14:06:25] [JARVIS CEO] Servicio CECILIA iniciado exitosamente (PID: 7848).
[2026-05-09 14:06:35] [JARVIS CEO] ¡ADVERTENCIA! El servicio CECILIA se ha detenido con código 1. Reiniciando...
[2026-05-09 14:06:35] [JARVIS CEO] Iniciando servicio: CECILIA...
[2026-05-09 14:06:35] [JARVIS CEO] Servicio CECILIA iniciado exitosamente (PID: 36168).
[2026-05-09 14:06:45] [JARVIS CEO] ¡ADVERTENCIA! El servicio CECILIA se ha detenido con código 1. Reiniciando...
[2026-05-09 14:06:45] [JARVIS CEO] Iniciando servicio: CECILIA...
[2026-05-09 14:06:45] [JARVIS CEO] Servicio CECILIA iniciado exitosamente (PID: 8580).
[2026-05-09 14:07:35] [JARVIS CEO] ¡ADVERTENCIA! El servicio CECILIA se ha detenido con código 4294967295. Reiniciando...
[2026-05-09 14:07:35] [JARVIS CEO] Iniciando servicio: CECILIA...
[2026-05-09 14:07:35] [JARVIS CEO] Servicio CECILIA iniciado exitosamente (PID: 15380).
[2026-05-09 14:21:35] [JARVIS CEO] ¡ADVERTENCIA! El servicio API AXIA se ha detenido con código 4294967295. Reiniciando...
[2026-05-09 14:21:35] [JARVIS CEO] Iniciando servicio: API AXIA...
[2026-05-09 14:21:35] [JARVIS CEO] Servicio API AXIA iniciado exitosamente (PID: 35660).
[2026-05-09 14:21:35] [JARVIS CEO] ¡ADVERTENCIA! El servicio CECILIA se ha detenido con código 4294967295. Reiniciando...
[2026-05-09 14:21:35] [JARVIS CEO] Iniciando servicio: CECILIA...
[2026-05-09 14:21:35] [JARVIS CEO] Servicio CECILIA iniciado exitosamente (PID: 22024).
[2026-05-09 14:23:05] [JARVIS CEO] ¡ADVERTENCIA! El servicio CECILIA se ha detenido con código 4294967295. Reiniciando...
[2026-05-09 14:23:05] [JARVIS CEO] Iniciando servicio: CECILIA...
[2026-05-09 14:23:05] [JARVIS CEO] Servicio CECILIA iniciado exitosamente (PID: 28076).
[2026-05-09 14:26:45] [JARVIS CEO] ¡ADVERTENCIA! El servicio CECILIA se ha detenido con código 4294967295. Reiniciando...
[2026-05-09 14:26:45] [JARVIS CEO] Iniciando servicio: CECILIA...
[2026-05-09 14:26:45] [JARVIS CEO] Servicio CECILIA iniciado exitosamente (PID: 9896).
[2026-05-09 14:26:55] [JARVIS CEO] ¡ADVERTENCIA! El servicio API AXIA se ha detenido con código 4294967295. Reiniciando...
[2026-05-09 14:26:55] [JARVIS CEO] Iniciando servicio: API AXIA...
[2026-05-09 14:26:55] [JARVIS CEO] Servicio API AXIA iniciado exitosamente (PID: 2104).
[2026-05-09 14:29:55] [JARVIS CEO] ¡ADVERTENCIA! El servicio CECILIA se ha detenido con código 4294967295. Reiniciando...
[2026-05-09 14:29:55] [JARVIS CEO] Iniciando servicio: CECILIA...
[2026-05-09 14:29:55] [JARVIS CEO] Servicio CECILIA iniciado exitosamente (PID: 33684).
[2026-05-09 14:31:15] [JARVIS CEO] ¡ADVERTENCIA! El servicio CECILIA se ha detenido con código 4294967295. Reiniciando...
[2026-05-09 14:31:15] [JARVIS CEO] Iniciando servicio: CECILIA...
[2026-05-09 14:31:15] [JARVIS CEO] Servicio CECILIA iniciado exitosamente (PID: 21908).
[2026-05-09 14:31:45] [JARVIS CEO] ¡ADVERTENCIA! El servicio CECILIA se ha detenido con código 4294967295. Reiniciando...
[2026-05-09 14:31:45] [JARVIS CEO] Iniciando servicio: CECILIA...
[2026-05-09 14:31:45] [JARVIS CEO] Servicio CECILIA iniciado exitosamente (PID: 9832).
[2026-05-09 14:32:25] [JARVIS CEO] ¡ADVERTENCIA! El servicio CECILIA se ha detenido con código 4294967295. Reiniciando...
[2026-05-09 14:32:25] [JARVIS CEO] Iniciando servicio: CECILIA...
[2026-05-09 14:32:25] [JARVIS CEO] Servicio CECILIA iniciado exitosamente (PID: 14612).
[2026-05-09 14:33:25] [JARVIS CEO] ¡ADVERTENCIA! El servicio CECILIA se ha detenido con código 4294967295. Reiniciando...
[2026-05-09 14:33:25] [JARVIS CEO] Iniciando servicio: CECILIA...
[2026-05-09 14:33:25] [JARVIS CEO] Servicio CECILIA iniciado exitosamente (PID: 34188).
[2026-05-09 14:34:45] [JARVIS CEO] ¡ADVERTENCIA! El servicio API AXIA se ha detenido con código 4294967295. Reiniciando...
[2026-05-09 14:34:45] [JARVIS CEO] Iniciando servicio: API AXIA...
[2026-05-09 14:34:45] [JARVIS CEO] Servicio API AXIA iniciado exitosamente (PID: 34308).
[2026-05-09 14:35:05] [JARVIS CEO] ¡ADVERTENCIA! El servicio CECILIA se ha detenido con código 4294967295. Reiniciando...
[2026-05-09 14:35:05] [JARVIS CEO] Iniciando servicio: CECILIA...
[2026-05-09 14:35:05] [JARVIS CEO] Servicio CECILIA iniciado exitosamente (PID: 9464).
[2026-05-09 14:40:45] [JARVIS CEO] ¡ADVERTENCIA! El servicio CECILIA se ha detenido con código 4294967295. Reiniciando...
[2026-05-09 14:40:45] [JARVIS CEO] Iniciando servicio: CECILIA...
[2026-05-09 14:40:45] [JARVIS CEO] Servicio CECILIA iniciado exitosamente (PID: 15492).
[2026-05-09 14:49:25] [JARVIS CEO] ¡ADVERTENCIA! El servicio CECILIA se ha detenido con código 4294967295. Reiniciando...
[2026-05-09 14:49:25] [JARVIS CEO] Iniciando servicio: CECILIA...
[2026-05-09 14:49:25] [JARVIS CEO] Servicio CECILIA iniciado exitosamente (PID: 25000).
[2026-05-09 15:09:28] [JARVIS CEO] ==========================================
[2026-05-09 15:09:28] [JARVIS CEO]    AXYNTRAX AUTOMATION SUITE - JARVIS CEO  
[2026-05-09 15:09:28] [JARVIS CEO] ==========================================
[2026-05-09 15:09:28] [JARVIS CEO] Iniciando verificación de base de datos...
[2026-05-09 15:09:28] [JARVIS CEO] Base de datos lista.
[2026-05-09 15:09:28] [JARVIS CEO] Iniciando servicio: API AXIA...
[2026-05-09 15:09:28] [JARVIS CEO] Servicio API AXIA iniciado exitosamente (PID: 24604).
[2026-05-09 15:09:28] [JARVIS CEO] Iniciando servicio: CECILIA...
[2026-05-09 15:09:28] [JARVIS CEO] Servicio CECILIA iniciado exitosamente (PID: 21056).
[2026-05-09 15:09:28] [JARVIS CEO] JARVIS CEO operando al 100% en modo centinela de alta disponibilidad.
[2026-05-09 15:09:28] [JARVIS CEO] Monitoreo de procesos iniciado.
[2026-05-09 15:11:49] [JARVIS CEO] ==========================================
[2026-05-09 15:11:49] [JARVIS CEO]    AXYNTRAX AUTOMATION SUITE - JARVIS CEO  
[2026-05-09 15:11:49] [JARVIS CEO] ==========================================
[2026-05-09 15:11:49] [JARVIS CEO] Iniciando verificación de base de datos...
[2026-05-09 15:11:50] [JARVIS CEO] Base de datos lista.
[2026-05-09 15:11:50] [JARVIS CEO] Iniciando servicio: API AXIA...
[2026-05-09 15:11:50] [JARVIS CEO] Servicio API AXIA iniciado exitosamente (PID: 30732).
[2026-05-09 15:11:50] [JARVIS CEO] Iniciando servicio: CECILIA...
[2026-05-09 15:11:50] [JARVIS CEO] Servicio CECILIA iniciado exitosamente (PID: 35936).
[2026-05-09 15:11:50] [JARVIS CEO] JARVIS CEO operando al 100% en modo centinela de alta disponibilidad.
[2026-05-09 15:11:50] [JARVIS CEO] Monitoreo de procesos iniciado.
[2026-05-09 15:14:12] [JARVIS CEO] ==========================================
[2026-05-09 15:14:12] [JARVIS CEO]    AXYNTRAX AUTOMATION SUITE - JARVIS CEO  
[2026-05-09 15:14:12] [JARVIS CEO] ==========================================
[2026-05-09 15:14:12] [JARVIS CEO] Iniciando verificación de base de datos...
[2026-05-09 15:14:12] [JARVIS CEO] Base de datos lista.
[2026-05-09 15:14:12] [JARVIS CEO] Iniciando servicio: API AXIA...
[2026-05-09 15:14:12] [JARVIS CEO] Servicio API AXIA iniciado exitosamente (PID: 7072).
[2026-05-09 15:14:12] [JARVIS CEO] Iniciando servicio: CECILIA...
[2026-05-09 15:14:12] [JARVIS CEO] Servicio CECILIA iniciado exitosamente (PID: 36280).
[2026-05-09 15:14:12] [JARVIS CEO] JARVIS CEO operando al 100% en modo centinela de alta disponibilidad.
[2026-05-09 15:14:12] [JARVIS CEO] Monitoreo de procesos iniciado.
[2026-05-09 15:19:04] [JARVIS CEO] ==========================================
[2026-05-09 15:19:04] [JARVIS CEO]    AXYNTRAX AUTOMATION SUITE - JARVIS CEO  
[2026-05-09 15:19:04] [JARVIS CEO] ==========================================
[2026-05-09 15:19:04] [JARVIS CEO] Iniciando verificación de base de datos...
[2026-05-09 15:19:04] [JARVIS CEO] Base de datos lista.
[2026-05-09 15:19:04] [JARVIS CEO] Iniciando servicio: API AXIA...
[2026-05-09 15:19:04] [JARVIS CEO] Servicio API AXIA iniciado exitosamente (PID: 27044).
[2026-05-09 15:19:04] [JARVIS CEO] Iniciando servicio: CECILIA...
[2026-05-09 15:19:04] [JARVIS CEO] Servicio CECILIA iniciado exitosamente (PID: 16228).
[2026-05-09 15:19:04] [JARVIS CEO] JARVIS CEO operando al 100% en modo centinela de alta disponibilidad.
[2026-05-09 15:19:04] [JARVIS CEO] Monitoreo de procesos iniciado.
[2026-05-09 15:20:39] [JARVIS CEO] ==========================================
[2026-05-09 15:20:39] [JARVIS CEO]    AXYNTRAX AUTOMATION SUITE - JARVIS CEO  
[2026-05-09 15:20:39] [JARVIS CEO] ==========================================
[2026-05-09 15:20:39] [JARVIS CEO] Iniciando verificación de base de datos...
[2026-05-09 15:20:39] [JARVIS CEO] Base de datos lista.
[2026-05-09 15:20:39] [JARVIS CEO] Iniciando servicio: API AXIA...
[2026-05-09 15:20:39] [JARVIS CEO] Servicio API AXIA iniciado exitosamente (PID: 36200).
[2026-05-09 15:20:39] [JARVIS CEO] Iniciando servicio: CECILIA...
[2026-05-09 15:20:39] [JARVIS CEO] Servicio CECILIA iniciado exitosamente (PID: 7780).
[2026-05-09 15:20:39] [JARVIS CEO] Monitoreo de procesos iniciado.
[2026-05-09 15:20:39] [JARVIS CEO] JARVIS CEO operando al 100% en modo centinela de alta disponibilidad.
